<?xml version="1.0" encoding="UTF-8"?>
<!-- Generated by org.testng.reporters.JUnitReportReporter -->
<testsuite hostname="Nirmals-MacBook-Pro.local" failures="0" tests="1" name="com.web.tests.HomePageTest" time="46.800" errors="0" timestamp="2022-07-26T13:55:49 IST" skipped="0">
  <testcase classname="com.web.tests.HomePageTest" name="CheckSignLink" time="46.800"/>
  <system-out/>
</testsuite> <!-- com.web.tests.HomePageTest -->
